
ROM used:   995/8192 (12%)
            995/8192 (12%) including unused fragments

            0.7 Average locations per line
            3.8 Average locations per statement

RAM used:   13/368 (4%) at main() level
            30/368 (8%) worst case

Stack used: 5 worst case (5 in main + 0 for interrupts)
Stack size: 8

Lines Stmts  %   Files
----- ----- ---  -----
  219   160  62  ÞÝFRELÝ KAPI.c
  671     0   0  ..\..\..\..\..\..\..\Program Files (x86)\PICC\Devices\16f877a.h
  456   100  38  ..\..\..\..\..\..\..\Program Files (x86)\PICC\Drivers\lcd.c
----- -----
 1346   260 Total

Page ROM  %  RAM   Vol Diff  Functions:
---- --- --- ---   --- ----  ----------
0     21   2    1             @delay_ms1
 Inline         3   760  4.5  lcd_read_byte
0     49   5    2   262  3.7  lcd_read_nibble
0     43   4    1   399  2.4  lcd_send_nibble
0     92   9    3   415  3.7  lcd_send_byte
0     70   7    6   852  6.2  lcd_init
0     18   2    4   208  6.3  lcd_gotoxy
0     44   4    1   354  4.7  lcd_putc
0    264  27    0  2666  3.5  keypad_oku
0    229  23    1  1725  7.0  MAIN
0      6   1    0             @const664
0     86   9    4             @PSTRINGC7_645
0      7   1    0             @const666
0      5   1    0             @const667
0      5   1    0             @const668
0      8   1    0             @const669
0      7   1    0             @const675
0      8   1    0             @const677
0      5   1    0             @const678
0      8   1    0             @const679
0      8   1    0             @const680
0      8   1    0             @const681
 Inline         0             @cinit1

Program metrics:
    Functions               9
    Statements              260
    Comments                228
    Volume (V)              11011
    Difficulty (D)          40.1
    Effort to implement (E) 441670
    Time to implement (T)   6 hours, 49 minutes
    Est Delivered Bugs (B)  2
    Cyclomatic Complexity   29
    Maintainability (MI)    129

 Segment     Used  Free
-----------  ----  ----
00000-00003     4  0  
00004-007FF   991  1053  
00800-00FFF     0  2048  
01000-017FF     0  2048  
01800-01FFF     0  2048  



