
ROM used:   1131/8192 (14%)
            1131/8192 (14%) including unused fragments

            0.9 Average locations per line
            4.2 Average locations per statement

RAM used:   33/368 (9%) at main() level
            46/368 (12%) worst case

Stack used: 6 worst case (5 in main + 1 for interrupts)
Stack size: 8

Lines Stmts  %   Files
----- ----- ---  -----
  138   167  63  main.c
   10     0   0  main.h
  671     0   0  ..\..\..\..\..\Program Files (x86)\PICC\Devices\16F877A.h
  456   100  37  ..\..\..\..\..\Program Files (x86)\PICC\Drivers\lcd.c
----- -----
 1275   267 Total

Page ROM  %  RAM   Vol Diff  Functions:
---- --- --- ---   --- ----  ----------
0     21   2    1             @delay_ms1
 Inline         3   760  4.5  lcd_read_byte
0     49   4    2   262  3.7  lcd_read_nibble
0     43   4    1   399  2.4  lcd_send_nibble
0     92   8    3   415  3.7  lcd_send_byte
0     70   6    6   852  6.2  lcd_init
0     18   2    4   208  6.3  lcd_gotoxy
0     44   4    1   354  4.7  lcd_putc
0    421  37    5  4407  7.4  oku
0     29   3    1   150  4.8  compare
0     33   3    0   325  3.7  TIMER1_isr
0    124  11    1   739  6.2  MAIN
0      8   1    0             @const688
0     86   8    4             @PSTRINGC7_645
0      5   0    0             @const690
0      7   1    0             @const691
 Inline         0             @cinit1

Program metrics:
    Functions               11
    Statements              267
    Comments                222
    Volume (V)              12721
    Difficulty (D)          53.0
    Effort to implement (E) 674769
    Time to implement (T)   10 hours, 25 minutes
    Est Delivered Bugs (B)  3
    Cyclomatic Complexity   29
    Maintainability (MI)    113

 Segment     Used  Free
-----------  ----  ----
00000-00003     4  0  
00004-00050    77  0  
00051-007FF  1050  917  
00800-00FFF     0  2048  
01000-017FF     0  2048  
01800-01FFF     0  2048  



